<?xml version="1.0" encoding="UTF-8"?>
<!-- Generated by org.testng.reporters.JUnitReportReporter -->
<testsuite hostname="LAPTOP-ONN9BJTF" name="com.kiwi.qa.test.Kiwisaverprojectedbalancetests" tests="3" failures="0" timestamp="9 May 2019 10:12:15 GMT" time="30.686" errors="0">
  <testcase name="kiwibalCriteriaTwo" time="9.463" classname="com.kiwi.qa.test.Kiwisaverprojectedbalancetests"/>
  <testcase name="kiwibalCriteriaOne" time="9.908" classname="com.kiwi.qa.test.Kiwisaverprojectedbalancetests"/>
  <testcase name="kiwibalCriteriaThree" time="11.315" classname="com.kiwi.qa.test.Kiwisaverprojectedbalancetests"/>
</testsuite> <!-- com.kiwi.qa.test.Kiwisaverprojectedbalancetests -->
