<?xml version="1.0" encoding="UTF-8"?>
<!-- Generated by org.testng.reporters.JUnitReportReporter -->
<testsuite hostname="LAPTOP-ONN9BJTF" name="com.kiwi.qa.test.KiwisaverNavigationtests" tests="1" failures="0" timestamp="9 May 2019 10:12:15 GMT" time="14.318" errors="0">
  <testcase name="Nav" time="14.318" classname="com.kiwi.qa.test.KiwisaverNavigationtests"/>
</testsuite> <!-- com.kiwi.qa.test.KiwisaverNavigationtests -->
