<?xml version="1.0" encoding="UTF-8"?>
<!-- Generated by org.testng.reporters.JUnitReportReporter -->
<testsuite hostname="LAPTOP-ONN9BJTF" name="com.kiwi.qa.test.KiwisaverRetirementcaltests" tests="2" failures="0" timestamp="9 May 2019 10:12:15 GMT" time="17.724" errors="0">
  <testcase name="kiwi" time="8.864" classname="com.kiwi.qa.test.KiwisaverRetirementcaltests"/>
  <testcase name="testverify" time="8.860" classname="com.kiwi.qa.test.KiwisaverRetirementcaltests"/>
</testsuite> <!-- com.kiwi.qa.test.KiwisaverRetirementcaltests -->
